<?xml version="1.0" encoding="UTF-8"?>
<!-- Generated by org.testng.reporters.JUnitReportReporter -->
<testsuite hostname="ashishsri" failures="0" tests="4" name="AllTests.ToVerifyLoginTest" time="57.461" errors="0" timestamp="2023-04-09T08:46:23 IST" skipped="0">
  <testcase classname="AllTests.ToVerifyLoginTest" name="LoginTest" time="4.473"/>
  <system-out/>
  <testcase classname="AllTests.ToVerifyLoginTest" name="ClickOnProduct" time="4.318"/>
  <system-out/>
  <testcase classname="AllTests.ToVerifyLoginTest" name="To_verify_product_is_removing" time="46.334"/>
  <system-out/>
  <testcase classname="AllTests.ToVerifyLoginTest" name="Logout" time="2.336"/>
  <system-out/>
</testsuite> <!-- AllTests.ToVerifyLoginTest -->
