<?xml version="1.0" encoding="UTF-8"?>
<!-- Generated by org.testng.reporters.JUnitReportReporter -->
<testsuite hostname="ashishsri" failures="0" tests="4" name="AllTests.ToVerifyLoginTest" time="57.738" errors="0" timestamp="2023-04-09T08:55:23 IST" skipped="0">
  <testcase classname="AllTests.ToVerifyLoginTest" name="LoginTest" time="4.541"/>
  <system-out/>
  <testcase classname="AllTests.ToVerifyLoginTest" name="ClickOnProductTest" time="4.396"/>
  <system-out/>
  <testcase classname="AllTests.ToVerifyLoginTest" name="To_verify_product_is_removingTest" time="46.423"/>
  <system-out/>
  <testcase classname="AllTests.ToVerifyLoginTest" name="LogoutTest" time="2.378"/>
  <system-out/>
</testsuite> <!-- AllTests.ToVerifyLoginTest -->
